<?xml version="1.0" encoding="UTF-8"?>
<testsuite xmlns:xsi="http://www.w3.org/2001/XMLSchema-instance" xsi:noNamespaceSchemaLocation="https://maven.apache.org/surefire/maven-surefire-plugin/xsd/surefire-test-report.xsd" name="DecideTest" time="0.07" tests="39" errors="0" skipped="0" failures="0">
  <properties>
[...]
</properties>
  <testcase name="testFUVCreatorFalse" classname="DecideTest" time="0.005"/>
  <testcase name="testPUMCreator" classname="DecideTest" time="0"/>
  <testcase name="testFUVCreatorTrue" classname="DecideTest" time="0"/>
  <testcase name="testCMV0True" classname="DecideTest" time="0.003"/>
  <testcase name="testCMV1True" classname="DecideTest" time="0.001"/>
  <testcase name="testCMV2True" classname="DecideTest" time="0.001"/>
  <testcase name="testCMV3True" classname="DecideTest" time="0.001"/>
  <testcase name="testCMV4True" classname="DecideTest" time="0.001"/>
  <testcase name="testCMV5True" classname="DecideTest" time="0.001"/>
  <testcase name="testCMV6True" classname="DecideTest" time="0"/>
  <testcase name="testAngleBetweenPoints" classname="DecideTest" time="0"/>
  <testcase name="testCMV8True" classname="DecideTest" time="0.001"/>
  <testcase name="testCMV9True" classname="DecideTest" time="0.001"/>
  <testcase name="testCMV0False" classname="DecideTest" time="0.001"/>
  <testcase name="testCMV10True" classname="DecideTest" time="0"/>
  <testcase name="testCMV12True" classname="DecideTest" time="0.001"/>
  <testcase name="testCMV13True" classname="DecideTest" time="0.001"/>
  <testcase name="testCMV14True" classname="DecideTest" time="0.001"/>
  <testcase name="testCMV1False" classname="DecideTest" time="0"/>
  <testcase name="testCMV2False" classname="DecideTest" time="0.001"/>
  <testcase name="testCMV3False" classname="DecideTest" time="0.001"/>
  <testcase name="testCMV4False" classname="DecideTest" time="0"/>
  <testcase name="testCMV5False" classname="DecideTest" time="0.001"/>
  <testcase name="testCMV6False" classname="DecideTest" time="0.001"/>
  <testcase name="testCMV7False" classname="DecideTest" time="0"/>
  <testcase name="testCMV8False" classname="DecideTest" time="0.001"/>
  <testcase name="testCMV9False" classname="DecideTest" time="0.001"/>
  <testcase name="testTriangleArea" classname="DecideTest" time="0"/>
  <testcase name="testDecideFalse1" classname="DecideTest" time="0"/>
  <testcase name="testDecideFalse2" classname="DecideTest" time="0.001"/>
  <testcase name="testSmallestRadius" classname="DecideTest" time="0"/>
  <testcase name="testDistance" classname="DecideTest" time="0"/>
  <testcase name="testCMV10False" classname="DecideTest" time="0.001"/>
  <testcase name="testCMV12False" classname="DecideTest" time="0"/>
  <testcase name="testCMV13False" classname="DecideTest" time="0.001"/>
  <testcase name="testMAINFalse" classname="DecideTest" time="0"/>
  <testcase name="testCMV14False" classname="DecideTest" time="0"/>
  <testcase name="testDecideTrue" classname="DecideTest" time="0"/>
  <testcase name="testMAINTrue" classname="DecideTest" time="0"/>
</testsuite>